\BOOKMARK [1][-]{section.1}{Introdu\347\343o}{}% 1
\BOOKMARK [1][-]{section.2}{Planeamento}{}% 2
\BOOKMARK [1][-]{section.3}{Modela\347\343o}{}% 3
\BOOKMARK [2][-]{subsection.3.1}{Diagrama de Classes}{section.3}% 4
\BOOKMARK [2][-]{subsection.3.2}{Use Cases}{section.3}% 5
\BOOKMARK [2][-]{subsection.3.3}{Base de Dados}{section.3}% 6
\BOOKMARK [1][-]{section.4}{Linguagem formal para Identifica\347\343o e Forma\347\343o}{}% 7
\BOOKMARK [2][-]{subsection.4.1}{Gram\341tica}{section.4}% 8
\BOOKMARK [2][-]{subsection.4.2}{Processador}{section.4}% 9
\BOOKMARK [2][-]{subsection.4.3}{Exemplo de Input}{section.4}% 10
\BOOKMARK [1][-]{section.5}{Linguagem de anota\347\343o para descri\347\343o das Actividades}{}% 11
\BOOKMARK [2][-]{subsection.5.1}{Processador}{section.5}% 12
\BOOKMARK [2][-]{subsection.5.2}{Exemplo de Input}{section.5}% 13
\BOOKMARK [1][-]{section.6}{Formato standard para descri\347\343o de publica\347\365es}{}% 14
\BOOKMARK [2][-]{subsection.6.1}{Processador}{section.6}% 15
\BOOKMARK [2][-]{subsection.6.2}{Exemplo de Utiliza\347\343o}{section.6}% 16
\BOOKMARK [1][-]{section.7}{Interface \372nica para carregamento dos v\341rios dados relativos ao CV}{}% 17
\BOOKMARK [2][-]{subsection.7.1}{Imagens da interface}{section.7}% 18
\BOOKMARK [1][-]{section.8}{Exporta\347\343o}{}% 19
\BOOKMARK [2][-]{subsection.8.1}{Europass XML}{section.8}% 20
\BOOKMARK [2][-]{subsection.8.2}{Europass PDF}{section.8}% 21
\BOOKMARK [1][-]{section.9}{Conclus\343o}{}% 22
